{"type":["init_ps"],"time":["2024-04-25 14:35:03"],"user":["Marc Kuppinger"],"umph":[1714048503.9397],"ok":[true]}
,
{"type":["check_chunk"],"time":["2024-04-25 14:35:04"],"user":["Marc Kuppinger"],"umph":[1714048504.7327],"ok":[true],"chunk":[1],"ex":[1],"e.ind":[0],"code":["library(wooldridge)\ndata(wage1)\nhead(wage1)\nskim(wage1)"],"message":[""]}
,
{"type":["check_chunk"],"time":["2024-04-25 14:35:04"],"user":["Marc Kuppinger"],"umph":[1714048504.7461],"ok":[false],"chunk":[2],"ex":[1],"e.ind":[1],"code":["\n# enter your code here ...\n\n\n# enter your code here ...\n"],"message":["\nYou have not yet made an assignment to reg1 in chunk 1_b."]}
,
{"type":["check_ps"],"time":["2024-04-25 14:37:17"],"user":["Marc Kuppinger"],"umph":[1714048637.9294],"ok":[true]}
,
{"type":["check_chunk"],"time":["2024-04-25 14:37:17"],"user":["Marc Kuppinger"],"umph":[1714048637.9557],"ok":[false],"chunk":[2],"ex":[1],"e.ind":[1],"code":["\nreg1 <- lm(wage ~ educ)\nsummary(reg1)\n"],"message":["\nYou have not made a correct assignment to reg1 in chunk 1_b."]}
,
{"type":["check_ps"],"time":["2024-04-25 14:37:33"],"user":["Marc Kuppinger"],"umph":[1714048653.6774],"ok":[true]}
,
{"type":["check_chunk"],"time":["2024-04-25 14:37:33"],"user":["Marc Kuppinger"],"umph":[1714048653.7118],"ok":[true],"chunk":[2],"ex":[1],"e.ind":[0],"code":["\nreg1 <- lm(wage ~ educ, data = wage1)\nsummary(reg1)\n"],"message":[""]}
,
{"type":["check_chunk"],"time":["2024-04-25 14:37:33"],"user":["Marc Kuppinger"],"umph":[1714048653.724],"ok":[false],"chunk":[3],"ex":[1],"e.ind":[1],"code":["\n# enter your code here ...\n"],"message":["\nYou have not yet entered all correct commands in chunk 1_c."]}
,
{"type":["init_ps"],"time":["2024-04-25 16:27:30"],"user":["Marc Kuppinger"],"umph":[1714055250.6096],"ok":[true]}
,
{"type":["check_chunk"],"time":["2024-04-25 16:27:31"],"user":["Marc Kuppinger"],"umph":[1714055251.2803],"ok":[true],"chunk":[1],"ex":[1],"e.ind":[0],"code":["library(wooldridge)\ndata(wage1)\nhead(wage1)\nskim(wage1)"],"message":[""]}
,
{"type":["check_chunk"],"time":["2024-04-25 16:27:31"],"user":["Marc Kuppinger"],"umph":[1714055251.3076],"ok":[true],"chunk":[2],"ex":[1],"e.ind":[0],"code":["\nreg1 <- lm(wage ~ educ, data = wage1)\nsummary(reg1)\n"],"message":[""]}
,
{"type":["check_chunk"],"time":["2024-04-25 16:27:31"],"user":["Marc Kuppinger"],"umph":[1714055251.3217],"ok":[false],"chunk":[3],"ex":[1],"e.ind":[1],"code":["\n# enter your code here ...\n"],"message":["\nYou have not yet entered all correct commands in chunk 1_c."]}
,
{"type":["check_ps"],"time":["2024-04-25 16:28:11"],"user":["Marc Kuppinger"],"umph":[1714055291.1884],"ok":[true]}
,
{"type":["check_chunk"],"time":["2024-04-25 16:28:11"],"user":["Marc Kuppinger"],"umph":[1714055291.1997],"ok":[false],"chunk":[3],"ex":[1],"e.ind":[0],"code":["\nja\n"],"message":["evaluation error in \n  ja\n  Error:  Objekt 'ja' nicht gefunden\n"]}
,
{"type":["check_ps"],"time":["2024-04-25 16:28:20"],"user":["Marc Kuppinger"],"umph":[1714055300.8996],"ok":[true]}
,
{"type":["check_chunk"],"time":["2024-04-25 16:28:20"],"user":["Marc Kuppinger"],"umph":[1714055300.9208],"ok":[false],"chunk":[3],"ex":[1],"e.ind":[1],"code":["\n\"ja\"\n"],"message":["\nYou have not yet entered all correct commands in chunk 1_c."]}
,
{"type":["check_ps"],"time":["2024-04-25 16:28:31"],"user":["Marc Kuppinger"],"umph":[1714055311.9238],"ok":[true]}
,
{"type":["check_chunk"],"time":["2024-04-25 16:28:31"],"user":["Marc Kuppinger"],"umph":[1714055311.9354],"ok":[false],"chunk":[3],"ex":[1],"e.ind":[0],"code":["\nnein\n"],"message":["evaluation error in \n  nein\n  Error:  Objekt 'nein' nicht gefunden\n"]}
,
{"type":["check_ps"],"time":["2024-04-25 16:28:38"],"user":["Marc Kuppinger"],"umph":[1714055318.6658],"ok":[true]}
,
{"type":["check_chunk"],"time":["2024-04-25 16:28:38"],"user":["Marc Kuppinger"],"umph":[1714055318.6809],"ok":[true],"chunk":[3],"ex":[1],"e.ind":[0],"code":["\n\"nein\"\n"],"message":[""]}
,
{"type":["check_chunk"],"time":["2024-04-25 16:28:38"],"user":["Marc Kuppinger"],"umph":[1714055318.8051],"ok":[false],"chunk":[4],"ex":[1],"e.ind":[0],"code":["wage1 %>%\n mutate(gender = ifelse(female==1,\".PH_._\",\".PH_._\")) %>%\n group_by(gender) %>%\n summarize(mean(.PH_._))\n\n# enter your code here ...\n"],"message":["evaluation error in \n  wage1 %>% mutate(gender = ifelse(female == 1, \"___\", \"___\")) %>% group_by(gender) %>% summarize(mean(___))\n  \u001b[1m\u001b[33mError\u001b[39m in `summarize()`:\u001b[22m\n\u001b[38;5;232m\u001b[36mℹ\u001b[38;5;232m In argument: `mean(___)`.\n\u001b[36mℹ\u001b[38;5;232m In group 1: `gender = \"___\"`.\u001b[39m\n\u001b[1mCaused by error:\u001b[22m\n\u001b[33m!\u001b[39m Objekt '___' nicht gefunden\n"]}
,
{"type":["check_ps"],"time":["2024-04-25 16:31:36"],"user":["Marc Kuppinger"],"umph":[1714055496.5599],"ok":[true]}
,
{"type":["check_chunk"],"time":["2024-04-25 16:31:36"],"user":["Marc Kuppinger"],"umph":[1714055496.6131],"ok":[true],"chunk":[4],"ex":[1],"e.ind":[0],"code":["wage1 %>%\n mutate(gender = ifelse(female==1,\"female\",\"male\")) %>%\n group_by(gender) %>%\n summarize(mean(educ))\n"],"message":[""]}
,
{"type":["check_chunk"],"time":["2024-04-25 16:31:36"],"user":["Marc Kuppinger"],"umph":[1714055496.6916],"ok":[true],"chunk":[5],"ex":[1],"e.ind":[0],"code":["grViz('digraph G {\n\nx [label=\"Ausbildungsjahre x\"]\ny [label=\"Stundenlohn y\"]\nw [label=\"maennlich\"]\n\nx -> y [label=\"+\"];\nw -> x [label=\"+\"];\nw -> y [label=\"+\"];\n}')"],"message":[""]}
,
{"type":["check_chunk"],"time":["2024-04-25 16:31:36"],"user":["Marc Kuppinger"],"umph":[1714055496.7035],"ok":[false],"chunk":[6],"ex":[1],"e.ind":[1],"code":["\n# enter your code here ...\n"],"message":["\nYou have not yet entered all correct commands in chunk 1_e_3."]}
,
{"type":["check_ps"],"time":["2024-04-25 16:33:45"],"user":["Marc Kuppinger"],"umph":[1714055625.8229],"ok":[true]}
,
{"type":["check_chunk"],"time":["2024-04-25 16:33:45"],"user":["Marc Kuppinger"],"umph":[1714055625.8401],"ok":[true],"chunk":[6],"ex":[1],"e.ind":[0],"code":["\n1\n"],"message":[""]}
,
{"type":["check_chunk"],"time":["2024-04-25 16:33:45"],"user":["Marc Kuppinger"],"umph":[1714055625.8746],"ok":[true],"chunk":[7],"ex":[1],"e.ind":[0],"code":["reg2 <- lm(wage ~ educ + female, data=wage1)\nsummary(reg2)"],"message":[""]}
,
{"type":["check_chunk"],"time":["2024-04-25 16:33:45"],"user":["Marc Kuppinger"],"umph":[1714055625.9095],"ok":[true],"chunk":[8],"ex":[1],"e.ind":[0],"code":["grViz('digraph G {\nx -> y [label=\"+\"];\nw -> y [label=\"+\"];\n}')"],"message":[""]}
,
{"type":["check_chunk"],"time":["2024-04-25 16:33:45"],"user":["Marc Kuppinger"],"umph":[1714055625.9212],"ok":[false],"chunk":[9],"ex":[1],"e.ind":[1],"code":["\n# enter your code here ...\n"],"message":["\nYou have not yet entered all correct commands in chunk 1_g_2."]}
,
{"type":["check_ps"],"time":["2024-04-25 16:34:59"],"user":["Marc Kuppinger"],"umph":[1714055699.2195],"ok":[true]}
,
{"type":["check_chunk"],"time":["2024-04-25 16:34:59"],"user":["Marc Kuppinger"],"umph":[1714055699.2353],"ok":[true],"chunk":[9],"ex":[1],"e.ind":[0],"code":["\n\"unverzerrt\"\n"],"message":[""]}
,
{"type":["check_chunk"],"time":["2024-04-25 16:34:59"],"user":["Marc Kuppinger"],"umph":[1714055699.4701],"ok":[true],"chunk":[10],"ex":[1],"e.ind":[0],"code":["########################################\n# Beispiel 1: w hat nur Einfluss auf y\n########################################\nset.seed(123)\nn <- 10000\nbeta1 <- 2 # wahrer kausaler effekt\nw <- rnorm(n,0,1)\nx <- rnorm(n,0,1)\ny <- beta1*x + w + rnorm(n,0,1)\n\n# Regression mit w als Kontrollvariable\nreg1 <- lm(y~x+w)\n# Regression ohne w als Kontrollvariable\nreg2 <- lm(y~x)\n# Zeige Ergbenisse nebeneinander\nlibrary(stargazer)\nstargazer(reg1, reg2, type=\"text\", digits=3, keep.stat=c(\"n\"))"],"message":[""]}
,
{"type":["check_chunk"],"time":["2024-04-25 16:34:59"],"user":["Marc Kuppinger"],"umph":[1714055699.6744],"ok":[true],"chunk":[11],"ex":[1],"e.ind":[0],"code":["########################################\n# Beispiel 2: w hat Einfluss auf y und x\n########################################\nset.seed(123)\nn <- 10000\nbeta1 <- 2 # wahrer kausaler effekt\nw <- rnorm(n,0,1)\nx <- rnorm(n,0,1) + w\ny <- beta1*x + w + rnorm(n,0,1)\n\n# Regression mit w als Kontrollvariable\nreg1 <- lm(y~x+w)\n# Regression ohne w als Kontrollvariable\nreg2 <- lm(y~x)\n# Zeige Ergbenisse nebeneinander\nstargazer(reg1, reg2, type=\"text\", digits=3, keep.stat=c(\"n\"))"],"message":[""]}
,
{"type":["check_chunk"],"time":["2024-04-25 16:34:59"],"user":["Marc Kuppinger"],"umph":[1714055699.6903],"ok":[false],"chunk":[12],"ex":[1],"e.ind":[1],"code":["\n# enter your code here ...\n"],"message":["\nYou have not yet entered all correct commands in chunk 1_g_5."]}
,
{"type":["check_ps"],"time":["2024-04-25 16:36:28"],"user":["Marc Kuppinger"],"umph":[1714055788.3161],"ok":[true]}
,
{"type":["check_chunk"],"time":["2024-04-25 16:36:28"],"user":["Marc Kuppinger"],"umph":[1714055788.3313],"ok":[false],"chunk":[12],"ex":[1],"e.ind":[1],"code":["\n\"ja\"\n"],"message":["\nYou have not yet entered all correct commands in chunk 1_g_5."]}
,
{"type":["hint"],"time":["2024-04-25 16:36:34"],"user":["Marc Kuppinger"],"umph":[1714055794.8401],"ok":[true],"chunk":[12],"ex":[1],"e.ind":[1]}
,
{"type":["check_ps"],"time":["2024-04-25 16:36:36"],"user":["Marc Kuppinger"],"umph":[1714055796.5175],"ok":[true]}
,
{"type":["check_chunk"],"time":["2024-04-25 16:36:36"],"user":["Marc Kuppinger"],"umph":[1714055796.5319],"ok":[true],"chunk":[12],"ex":[1],"e.ind":[0],"code":["\n\"nein\"\n"],"message":[""]}
,
{"type":["check_chunk"],"time":["2024-04-25 16:36:36"],"user":["Marc Kuppinger"],"umph":[1714055796.5489],"ok":[true],"chunk":[13],"ex":[1],"e.ind":[0],"code":["confint(lm(y~x))"],"message":[""]}
,
{"type":["check_chunk"],"time":["2024-04-25 16:36:36"],"user":["Marc Kuppinger"],"umph":[1714055796.5662],"ok":[false],"chunk":[14],"ex":[1],"e.ind":[1],"code":["\n# enter your code here ...\n"],"message":["\nYou have not yet entered all correct commands in chunk 1_g_7."]}
,
{"type":["check_ps"],"time":["2024-04-25 16:37:54"],"user":["Marc Kuppinger"],"umph":[1714055874.6975],"ok":[true]}
,
{"type":["check_chunk"],"time":["2024-04-25 16:37:54"],"user":["Marc Kuppinger"],"umph":[1714055874.7264],"ok":[false],"chunk":[14],"ex":[1],"e.ind":[1],"code":["\nconfint(lm(y~x), 0.99)\n"],"message":["\nYou have not yet entered all correct commands in chunk 1_g_7."]}
,
{"type":["check_ps"],"time":["2024-04-25 16:38:10"],"user":["Marc Kuppinger"],"umph":[1714055890.704],"ok":[true]}
,
{"type":["check_chunk"],"time":["2024-04-25 16:38:10"],"user":["Marc Kuppinger"],"umph":[1714055890.7357],"ok":[true],"chunk":[14],"ex":[1],"e.ind":[0],"code":["\nconfint(lm(y~x), level = 0.99)\n"],"message":[""]}
,
{"type":["check_chunk"],"time":["2024-04-25 16:38:10"],"user":["Marc Kuppinger"],"umph":[1714055890.7462],"ok":[true],"chunk":[15],"ex":[1],"e.ind":[0],"code":["cor(wage1$exper,wage1$wage)"],"message":[""]}
,
{"type":["check_chunk"],"time":["2024-04-25 16:38:10"],"user":["Marc Kuppinger"],"umph":[1714055890.7564],"ok":[true],"chunk":[16],"ex":[1],"e.ind":[0],"code":["cor(wage1$exper,wage1$educ)"],"message":[""]}
,
{"type":["check_chunk"],"time":["2024-04-25 16:38:10"],"user":["Marc Kuppinger"],"umph":[1714055890.7933],"ok":[true],"chunk":[17],"ex":[1],"e.ind":[0],"code":["grViz('digraph G {\n\nx [label=\"Ausbildungsjahre x\"]\ny [label=\"Stundenlohn y\"]\nw [label=\"Arbeitserfahrung\"]\n\nx -> y [label=\"+\"];\nx -> w [label=\"-\"];\nw -> y [label=\"+\"];\n}')\n"],"message":[""]}
,
{"type":["check_chunk"],"time":["2024-04-25 16:38:10"],"user":["Marc Kuppinger"],"umph":[1714055890.8036],"ok":[true],"chunk":[18],"ex":[1],"e.ind":[0],"code":["coef(lm(wage~educ, data=wage1))"],"message":[""]}
,
{"type":["check_chunk"],"time":["2024-04-25 16:38:10"],"user":["Marc Kuppinger"],"umph":[1714055890.8183],"ok":[false],"chunk":[19],"ex":[1],"e.ind":[1],"code":["\n# enter your code here ...\n"],"message":["\nYou have not yet entered all correct commands in chunk 1_h_5."]}
,
{"type":["check_ps"],"time":["2024-04-25 16:40:19"],"user":["Marc Kuppinger"],"umph":[1714056019.9404],"ok":[true]}
,
{"type":["check_chunk"],"time":["2024-04-25 16:40:19"],"user":["Marc Kuppinger"],"umph":[1714056019.9565],"ok":[false],"chunk":[19],"ex":[1],"e.ind":[1],"code":["\n\"kleiner\"\n"],"message":["\nYou have not yet entered all correct commands in chunk 1_h_5."]}
,
{"type":["check_ps"],"time":["2024-04-25 16:40:45"],"user":["Marc Kuppinger"],"umph":[1714056045.5361],"ok":[true]}
,
{"type":["check_chunk"],"time":["2024-04-25 16:40:45"],"user":["Marc Kuppinger"],"umph":[1714056045.5528],"ok":[true],"chunk":[19],"ex":[1],"e.ind":[0],"code":["\n\"groesser\"\n"],"message":[""]}
,
{"type":["check_chunk"],"time":["2024-04-25 16:40:45"],"user":["Marc Kuppinger"],"umph":[1714056045.5655],"ok":[true],"chunk":[20],"ex":[1],"e.ind":[0],"code":["coef(lm(wage~educ+exper, data=wage1))"],"message":[""]}
,
{"type":["check_chunk"],"time":["2024-04-25 16:40:45"],"user":["Marc Kuppinger"],"umph":[1714056045.5783],"ok":[false],"chunk":[21],"ex":[1],"e.ind":[1],"code":["\n# enter your code here ...\n"],"message":["\nYou have not yet entered all correct commands in chunk 1_h_7."]}
,
{"type":["check_ps"],"time":["2024-04-25 16:43:16"],"user":["Marc Kuppinger"],"umph":[1714056196.4796],"ok":[true]}
,
{"type":["check_chunk"],"time":["2024-04-25 16:43:16"],"user":["Marc Kuppinger"],"umph":[1714056196.495],"ok":[false],"chunk":[21],"ex":[1],"e.ind":[1],"code":["\n0.64\n"],"message":["\nYou have not yet entered all correct commands in chunk 1_h_7."]}
,
{"type":["check_ps"],"time":["2024-04-25 16:43:23"],"user":["Marc Kuppinger"],"umph":[1714056203.3921],"ok":[true]}
,
{"type":["check_chunk"],"time":["2024-04-25 16:43:23"],"user":["Marc Kuppinger"],"umph":[1714056203.408],"ok":[true],"chunk":[21],"ex":[1],"e.ind":[0],"code":["\n0.54\n"],"message":[""]}
,
{"type":["check_chunk"],"time":["2024-04-25 16:43:23"],"user":["Marc Kuppinger"],"umph":[1714056203.4352],"ok":[false],"chunk":[22],"ex":[1],"e.ind":[3],"code":["reg1 <- lm(wage ~ educ, data = wage1)\nreg2 <- lm(wage ~ educ + female + nonwhite, data=wage1)\n\n# enter your code here ...\n"],"message":["\nYou have not yet made an assignment to reg3 in chunk 1_i."]}
,
{"type":["check_ps"],"time":["2024-04-25 16:44:38"],"user":["Marc Kuppinger"],"umph":[1714056278.5694],"ok":[true]}
,
{"type":["check_chunk"],"time":["2024-04-25 16:44:38"],"user":["Marc Kuppinger"],"umph":[1714056278.6001],"ok":[false],"chunk":[22],"ex":[1],"e.ind":[3],"code":["reg1 <- lm(wage ~ educ, data = wage1)\nreg2 <- lm(wage ~ educ + female + nonwhite, data=wage1)\n\nreg3 <- lm(wage ~ female + nonwhite + exper, data=wage1)\n"],"message":["\nYou have not made a correct assignment to reg3 in chunk 1_i."]}
,
{"type":["check_ps"],"time":["2024-04-25 16:45:03"],"user":["Marc Kuppinger"],"umph":[1714056303.6759],"ok":[true]}
,
{"type":["check_chunk"],"time":["2024-04-25 16:45:03"],"user":["Marc Kuppinger"],"umph":[1714056303.7035],"ok":[true],"chunk":[22],"ex":[1],"e.ind":[0],"code":["reg1 <- lm(wage ~ educ, data = wage1)\nreg2 <- lm(wage ~ educ + female + nonwhite, data=wage1)\n\nreg3 <- lm(wage ~ educ + female + nonwhite + exper, data=wage1)\n"],"message":[""]}
,
{"type":["check_chunk"],"time":["2024-04-25 16:45:04"],"user":["Marc Kuppinger"],"umph":[1714056304.0065],"ok":[true],"chunk":[23],"ex":[1],"e.ind":[0],"code":["stargazer( reg1, reg2, reg3 ,type = \"text\",  digits=2, omit.stat = c(\"f\",\"ser\"))"],"message":[""]}
,
{"type":["check_chunk"],"time":["2024-04-25 16:45:04"],"user":["Marc Kuppinger"],"umph":[1714056304.022],"ok":[false],"chunk":[25],"ex":[2],"e.ind":[1],"code":["\n# enter your code here ...\n"],"message":["\nYou have not yet made an assignment to n_train in chunk 2_a_2."]}
,
{"type":["check_ps"],"time":["2024-04-25 16:48:46"],"user":["Marc Kuppinger"],"umph":[1714056526.4494],"ok":[true]}
,
{"type":["check_chunk"],"time":["2024-04-25 16:48:46"],"user":["Marc Kuppinger"],"umph":[1714056526.4708],"ok":[true],"chunk":[25],"ex":[2],"e.ind":[0],"code":["\nn_train <- sum(jtrain3$train == 1)\nn_train\n"],"message":[""]}
,
{"type":["check_chunk"],"time":["2024-04-25 16:48:46"],"user":["Marc Kuppinger"],"umph":[1714056526.4845],"ok":[false],"chunk":[26],"ex":[2],"e.ind":[1],"code":["\n# enter your code here ...\n"],"message":["\nYou have not yet entered all correct commands in chunk 2_a_3."]}
,
{"type":["check_ps"],"time":["2024-04-25 16:49:50"],"user":["Marc Kuppinger"],"umph":[1714056590.3984],"ok":[true]}
,
{"type":["check_chunk"],"time":["2024-04-25 16:49:50"],"user":["Marc Kuppinger"],"umph":[1714056590.4128],"ok":[false],"chunk":[26],"ex":[2],"e.ind":[1],"code":["\n1\n"],"message":["\nYou have not yet entered all correct commands in chunk 2_a_3."]}
,
{"type":["check_ps"],"time":["2024-04-25 16:49:54"],"user":["Marc Kuppinger"],"umph":[1714056594.1793],"ok":[true]}
,
{"type":["check_chunk"],"time":["2024-04-25 16:49:54"],"user":["Marc Kuppinger"],"umph":[1714056594.194],"ok":[true],"chunk":[26],"ex":[2],"e.ind":[0],"code":["\n2\n"],"message":[""]}
,
{"type":["check_chunk"],"time":["2024-04-25 16:49:54"],"user":["Marc Kuppinger"],"umph":[1714056594.2061],"ok":[false],"chunk":[27],"ex":[2],"e.ind":[1],"code":["\n# enter your code here ...\n\n\n# enter your code here ...\n"],"message":["\nYou have not yet made an assignment to reg1 in chunk 2_b."]}
,
{"type":["check_ps"],"time":["2024-04-25 16:51:25"],"user":["Marc Kuppinger"],"umph":[1714056685.2406],"ok":[true]}
,
{"type":["check_chunk"],"time":["2024-04-25 16:51:25"],"user":["Marc Kuppinger"],"umph":[1714056685.2645],"ok":[false],"chunk":[27],"ex":[2],"e.ind":[1],"code":["\nreg1 <- lm(train ~ unem78, data = jtrain3)\nsummary(reg1)"],"message":["\nYou have not made a correct assignment to reg1 in chunk 2_b."]}
,
{"type":["check_ps"],"time":["2024-04-25 16:51:59"],"user":["Marc Kuppinger"],"umph":[1714056719.5838],"ok":[true]}
,
{"type":["check_chunk"],"time":["2024-04-25 16:51:59"],"user":["Marc Kuppinger"],"umph":[1714056719.6103],"ok":[true],"chunk":[27],"ex":[2],"e.ind":[0],"code":["\nreg1 <- lm(unem78 ~ train, data = jtrain3)\nsummary(reg1)\n"],"message":[""]}
,
{"type":["check_chunk"],"time":["2024-04-25 16:51:59"],"user":["Marc Kuppinger"],"umph":[1714056719.621],"ok":[false],"chunk":[28],"ex":[2],"e.ind":[0],"code":[".PH_._ %>% \n group_by(.PH_._) %>%\n summarize(mean(train), mean(.PH_._))\n\n# enter your code here ...\n"],"message":["evaluation error in \n  ___ %>% group_by(___) %>% summarize(mean(train), mean(___))\n  Error:  Objekt '___' nicht gefunden\n"]}
,
{"type":["check_ps"],"time":["2024-04-25 16:52:30"],"user":["Marc Kuppinger"],"umph":[1714056750.2164],"ok":[true]}
,
{"type":["check_chunk"],"time":["2024-04-25 16:52:30"],"user":["Marc Kuppinger"],"umph":[1714056750.2292],"ok":[false],"chunk":[28],"ex":[2],"e.ind":[0],"code":[".PH_._ %>% \n group_by(.PH_._) %>%\n summarize(mean(train), mean(.PH_._))\n\n# enter your code here ...\n"],"message":["evaluation error in \n  ___ %>% group_by(___) %>% summarize(mean(train), mean(___))\n  Error:  Objekt '___' nicht gefunden\n"]}
,
{"type":["check_ps"],"time":["2024-04-25 16:55:33"],"user":["Marc Kuppinger"],"umph":[1714056933.8682],"ok":[true]}
,
{"type":["check_chunk"],"time":["2024-04-25 16:55:33"],"user":["Marc Kuppinger"],"umph":[1714056933.9145],"ok":[false],"chunk":[28],"ex":[2],"e.ind":[1],"code":["\njtrain3 %>% \n group_by(unem75) %>%\n summarize(mean(train), mean(1 - em78))\n"],"message":["\nYou have not yet entered all correct commands in chunk 2_c."]}
,
{"type":["check_ps"],"time":["2024-04-25 16:56:18"],"user":["Marc Kuppinger"],"umph":[1714056978.3833],"ok":[true]}
,
{"type":["check_chunk"],"time":["2024-04-25 16:56:18"],"user":["Marc Kuppinger"],"umph":[1714056978.4276],"ok":[false],"chunk":[28],"ex":[2],"e.ind":[1],"code":["\njtrain3 %>% \n group_by(unem75) %>%\n summarize(mean_train = mean(train), mean_unem78 = mean(1 - em78))\n"],"message":["\nYou have not yet entered all correct commands in chunk 2_c."]}
,
{"type":["hint"],"time":["2024-04-25 16:56:50"],"user":["Marc Kuppinger"],"umph":[1714057010.22],"ok":[true],"chunk":[28],"ex":[2],"e.ind":[1]}
,
{"type":["check_ps"],"time":["2024-04-25 16:57:14"],"user":["Marc Kuppinger"],"umph":[1714057034.2906],"ok":[true]}
,
{"type":["check_chunk"],"time":["2024-04-25 16:57:14"],"user":["Marc Kuppinger"],"umph":[1714057034.303],"ok":[false],"chunk":[28],"ex":[2],"e.ind":[0],"code":["\ntrain3 %>% \n group_by(unem75) %>%\n summarize(mean_train = mean(train), mean_unem78 = mean(1 - em78))\n"],"message":["evaluation error in \n  train3 %>% group_by(unem75) %>% summarize(mean_train = mean(train), mean_unem78 = mean(1 - em78))\n  Error:  Objekt 'train3' nicht gefunden\n"]}
,
{"type":["check_ps"],"time":["2024-04-25 16:57:23"],"user":["Marc Kuppinger"],"umph":[1714057043.4327],"ok":[true]}
,
{"type":["check_chunk"],"time":["2024-04-25 16:57:23"],"user":["Marc Kuppinger"],"umph":[1714057043.4775],"ok":[false],"chunk":[28],"ex":[2],"e.ind":[1],"code":["\njtrain3 %>% \n group_by(unem75) %>%\n summarize(mean_train = mean(train), mean_unem78 = mean(1 - em78))\n"],"message":["\nYou have not yet entered all correct commands in chunk 2_c."]}
,
{"type":["check_ps"],"time":["2024-04-25 16:57:48"],"user":["Marc Kuppinger"],"umph":[1714057068.9433],"ok":[true]}
,
{"type":["check_chunk"],"time":["2024-04-25 16:57:48"],"user":["Marc Kuppinger"],"umph":[1714057068.989],"ok":[false],"chunk":[28],"ex":[2],"e.ind":[1],"code":["\njtrain3 %>% \n group_by(unem75) %>%\n summarize(mean_train = mean(train), mean_unem78 = mean(1 - em78))\n"],"message":["\nYou have not yet entered all correct commands in chunk 2_c."]}
,
{"type":["check_ps"],"time":["2024-04-25 16:58:59"],"user":["Marc Kuppinger"],"umph":[1714057139.582],"ok":[true]}
,
{"type":["check_chunk"],"time":["2024-04-25 16:58:59"],"user":["Marc Kuppinger"],"umph":[1714057139.6289],"ok":[false],"chunk":[28],"ex":[2],"e.ind":[1],"code":["\njtrain3 %>% \n group_by(unem75) %>%\n summarize(mean_train = mean(train), mean_unem78 = mean(1 - em78))\n"],"message":["\nYou have not yet entered all correct commands in chunk 2_c."]}
,
{"type":["check_ps"],"time":["2024-04-25 16:59:22"],"user":["Marc Kuppinger"],"umph":[1714057162.1521],"ok":[true]}
,
{"type":["check_chunk"],"time":["2024-04-25 16:59:22"],"user":["Marc Kuppinger"],"umph":[1714057162.1966],"ok":[false],"chunk":[28],"ex":[2],"e.ind":[1],"code":["\njtrain3 %>% \n group_by(unem75) %>%\n summarize(mean(train), mean(1 - em78))\n"],"message":["\nYou have not yet entered all correct commands in chunk 2_c."]}
,
{"type":["hint"],"time":["2024-04-25 16:59:30"],"user":["Marc Kuppinger"],"umph":[1714057170.2087],"ok":[true],"chunk":[28],"ex":[2],"e.ind":[1]}
,
{"type":["check_ps"],"time":["2024-04-25 16:59:40"],"user":["Marc Kuppinger"],"umph":[1714057180.6329],"ok":[true]}
,
{"type":["check_chunk"],"time":["2024-04-25 16:59:40"],"user":["Marc Kuppinger"],"umph":[1714057180.6797],"ok":[false],"chunk":[28],"ex":[2],"e.ind":[1],"code":["\njtrain3 %>% \n group_by( unem75 ) %>%\n summarize(mean(train), mean(1 - em78))\n"],"message":["\nYou have not yet entered all correct commands in chunk 2_c."]}
,
{"type":["check_ps"],"time":["2024-04-25 17:00:17"],"user":["Marc Kuppinger"],"umph":[1714057217.3422],"ok":[true]}
,
{"type":["check_ps"],"time":["2024-04-25 17:00:29"],"user":["Marc Kuppinger"],"umph":[1714057229.2733],"ok":[true]}
,
{"type":["check_ps"],"time":["2024-04-25 17:01:59"],"user":["Marc Kuppinger"],"umph":[1714057319.1194],"ok":[true]}
,
{"type":["check_chunk"],"time":["2024-04-25 17:01:59"],"user":["Marc Kuppinger"],"umph":[1714057319.2069],"ok":[true],"chunk":[28],"ex":[2],"e.ind":[0],"code":["jtrain3 %>% \n group_by(unem75) %>%\n summarize(mean(train), mean(unem78))\n"],"message":[""]}
,
{"type":["check_chunk"],"time":["2024-04-25 17:01:59"],"user":["Marc Kuppinger"],"umph":[1714057319.2435],"ok":[true],"chunk":[29],"ex":[2],"e.ind":[0],"code":["library(DiagrammeR)\ngrViz('digraph G {\n\nx [label=\"Weiterbildung in 1977\"]\ny [label=\"Arbeitslos in 1978\"]\nw [label=\"Arbeitslos in 1975\"]\n\nx -> y [label=\"?\"]\nw -> x [label=\"+\"]\nw -> y [label=\"+\"]\n}')"],"message":[""]}
,
{"type":["check_chunk"],"time":["2024-04-25 17:01:59"],"user":["Marc Kuppinger"],"umph":[1714057319.2554],"ok":[false],"chunk":[30],"ex":[2],"e.ind":[1],"code":["\n# enter your code here ...\n"],"message":["\nYou have not yet entered all correct commands in chunk 2_d_2."]}
,
{"type":["check_ps"],"time":["2024-04-25 17:03:12"],"user":["Marc Kuppinger"],"umph":[1714057392.2336],"ok":[true]}
,
{"type":["check_chunk"],"time":["2024-04-25 17:03:12"],"user":["Marc Kuppinger"],"umph":[1714057392.2839],"ok":[true],"chunk":[28],"ex":[2],"e.ind":[0],"code":["\njtrain3 %>% \n group_by(unem75) %>%\n summarize(mean(train), mean(unem78))\n"],"message":[""]}
,
{"type":["check_chunk"],"time":["2024-04-25 17:03:12"],"user":["Marc Kuppinger"],"umph":[1714057392.326],"ok":[true],"chunk":[29],"ex":[2],"e.ind":[0],"code":["library(DiagrammeR)\ngrViz('digraph G {\n\nx [label=\"Weiterbildung in 1977\"]\ny [label=\"Arbeitslos in 1978\"]\nw [label=\"Arbeitslos in 1975\"]\n\nx -> y [label=\"?\"]\nw -> x [label=\"+\"]\nw -> y [label=\"+\"]\n}')"],"message":[""]}
,
{"type":["check_chunk"],"time":["2024-04-25 17:03:12"],"user":["Marc Kuppinger"],"umph":[1714057392.338],"ok":[true],"chunk":[30],"ex":[2],"e.ind":[0],"code":["\n\"kleiner\"\n"],"message":[""]}
,
{"type":["check_chunk"],"time":["2024-04-25 17:03:12"],"user":["Marc Kuppinger"],"umph":[1714057392.3512],"ok":[false],"chunk":[31],"ex":[2],"e.ind":[1],"code":["\n# enter your code here ...\n"],"message":["\nYou have not yet made an assignment to reg2 in chunk 2_d_3."]}
,
{"type":["check_ps"],"time":["2024-04-25 17:04:41"],"user":["Marc Kuppinger"],"umph":[1714057481.8126],"ok":[true]}
,
{"type":["check_chunk"],"time":["2024-04-25 17:04:41"],"user":["Marc Kuppinger"],"umph":[1714057481.8766],"ok":[true],"chunk":[31],"ex":[2],"e.ind":[0],"code":["\nreg2 <- lm(unem78 ~ train + unem75, data=jtrain3)\nstargazer(reg1, reg2)\n"],"message":[""]}
,
{"type":["check_chunk"],"time":["2024-04-25 17:04:41"],"user":["Marc Kuppinger"],"umph":[1714057481.8882],"ok":[false],"chunk":[32],"ex":[2],"e.ind":[1],"code":["\n# enter your code here ...\n"],"message":["\nYou have not yet made an assignment to jtrain3_la in chunk 2_e."]}
,
{"type":["check_ps"],"time":["2024-04-25 17:06:49"],"user":["Marc Kuppinger"],"umph":[1714057609.0135],"ok":[true]}
,
{"type":["check_chunk"],"time":["2024-04-25 17:06:49"],"user":["Marc Kuppinger"],"umph":[1714057609.0673],"ok":[false],"chunk":[31],"ex":[2],"e.ind":[1],"code":["\nreg2 <- lm(em78 ~ train + unem75, data = jtrain3)\nstargazer(reg1, reg2)\n"],"message":["\nYou have not made a correct assignment to reg2 in chunk 2_d_3."]}
,
{"type":["check_ps"],"time":["2024-04-25 17:07:04"],"user":["Marc Kuppinger"],"umph":[1714057624.4327],"ok":[true]}
,
{"type":["check_chunk"],"time":["2024-04-25 17:07:04"],"user":["Marc Kuppinger"],"umph":[1714057624.4841],"ok":[true],"chunk":[31],"ex":[2],"e.ind":[0],"code":["\nreg2 <- lm(unem78 ~ train + unem75, data = jtrain3)\nstargazer(reg1, reg2)\n"],"message":[""]}
,
{"type":["check_chunk"],"time":["2024-04-25 17:07:04"],"user":["Marc Kuppinger"],"umph":[1714057624.4946],"ok":[false],"chunk":[32],"ex":[2],"e.ind":[1],"code":["\n# enter your code here ...\n"],"message":["\nYou have not yet made an assignment to jtrain3_la in chunk 2_e."]}
,
{"type":["check_ps"],"time":["2024-04-25 17:08:37"],"user":["Marc Kuppinger"],"umph":[1714057717.9784],"ok":[true]}
,
{"type":["check_chunk"],"time":["2024-04-25 17:08:38"],"user":["Marc Kuppinger"],"umph":[1714057718.2406],"ok":[true],"chunk":[31],"ex":[2],"e.ind":[0],"code":["\nreg2 <- lm(unem78 ~ train + unem75, data = jtrain3)\nstargazer(reg1, reg2,type = \"text\",  digits=2, omit.stat = c(\"f\",\"ser\"))\n"],"message":[""]}
,
{"type":["check_chunk"],"time":["2024-04-25 17:08:38"],"user":["Marc Kuppinger"],"umph":[1714057718.2509],"ok":[false],"chunk":[32],"ex":[2],"e.ind":[1],"code":["\n# enter your code here ...\n"],"message":["\nYou have not yet made an assignment to jtrain3_la in chunk 2_e."]}
,
{"type":["check_ps"],"time":["2024-04-25 17:11:55"],"user":["Marc Kuppinger"],"umph":[1714057915.0366],"ok":[true]}
,
{"type":["check_chunk"],"time":["2024-04-25 17:11:55"],"user":["Marc Kuppinger"],"umph":[1714057915.0562],"ok":[false],"chunk":[32],"ex":[2],"e.ind":[1],"code":["\njtrain3_la <- jtrain3 %>%\n  filter(train == 1)\n\njtrain3_ka <- jtrain3 %>%\n  filter(train == 0)\n"],"message":["\nYou have not made a correct assignment to jtrain3_la in chunk 2_e."]}
,
{"type":["check_ps"],"time":["2024-04-25 17:12:54"],"user":["Marc Kuppinger"],"umph":[1714057974.267],"ok":[true]}
,
{"type":["check_chunk"],"time":["2024-04-25 17:12:54"],"user":["Marc Kuppinger"],"umph":[1714057974.2925],"ok":[true],"chunk":[32],"ex":[2],"e.ind":[0],"code":["\njtrain3_la <- jtrain3 %>%\n  filter(unem75 == 1)\n\njtrain3_ka <- jtrain3 %>%\n  filter(!unem75 == 1)\n"],"message":[""]}
,
{"type":["check_chunk"],"time":["2024-04-25 17:12:54"],"user":["Marc Kuppinger"],"umph":[1714057974.3057],"ok":[false],"chunk":[33],"ex":[2],"e.ind":[1],"code":["\n# enter your code here ...\n\nstargazer(reg1, reg2, reg_la, reg_ka,type=\"text\",keep.stat=c(\"n\"), column.labels = c(\"alle\",\"alle\", \"Lang Alo\",\"Kurz Alo\") )"],"message":["\nYou have not yet made an assignment to reg_la in chunk 2_e_2."]}
,
{"type":["check_ps"],"time":["2024-04-25 17:13:08"],"user":["Marc Kuppinger"],"umph":[1714057988.1498],"ok":[true]}
,
{"type":["check_chunk"],"time":["2024-04-25 17:13:08"],"user":["Marc Kuppinger"],"umph":[1714057988.178],"ok":[true],"chunk":[32],"ex":[2],"e.ind":[0],"code":["\njtrain3_la <- jtrain3 %>%\n  filter(unem75 == 1)\n\njtrain3_ka <- jtrain3 %>%\n  filter(unem75 == 0)\n"],"message":[""]}
,
{"type":["check_chunk"],"time":["2024-04-25 17:13:08"],"user":["Marc Kuppinger"],"umph":[1714057988.1902],"ok":[false],"chunk":[33],"ex":[2],"e.ind":[1],"code":["\n# enter your code here ...\n\nstargazer(reg1, reg2, reg_la, reg_ka,type=\"text\",keep.stat=c(\"n\"), column.labels = c(\"alle\",\"alle\", \"Lang Alo\",\"Kurz Alo\") )"],"message":["\nYou have not yet made an assignment to reg_la in chunk 2_e_2."]}
,
{"type":["check_ps"],"time":["2024-04-25 17:13:16"],"user":["Marc Kuppinger"],"umph":[1714057996.0187],"ok":[true]}
,
{"type":["check_chunk"],"time":["2024-04-25 17:13:16"],"user":["Marc Kuppinger"],"umph":[1714057996.0429],"ok":[true],"chunk":[32],"ex":[2],"e.ind":[0],"code":["\njtrain3_la <- jtrain3 %>%\n  filter(unem75 == 1)\n\njtrain3_ka <- jtrain3 %>%\n  filter(!unem75 == 1)\n"],"message":[""]}
,
{"type":["check_chunk"],"time":["2024-04-25 17:13:16"],"user":["Marc Kuppinger"],"umph":[1714057996.0543],"ok":[false],"chunk":[33],"ex":[2],"e.ind":[1],"code":["\n# enter your code here ...\n\nstargazer(reg1, reg2, reg_la, reg_ka,type=\"text\",keep.stat=c(\"n\"), column.labels = c(\"alle\",\"alle\", \"Lang Alo\",\"Kurz Alo\") )"],"message":["\nYou have not yet made an assignment to reg_la in chunk 2_e_2."]}
,
{"type":["check_ps"],"time":["2024-04-25 17:14:54"],"user":["Marc Kuppinger"],"umph":[1714058094.2654],"ok":[true]}
,
{"type":["check_chunk"],"time":["2024-04-25 17:14:54"],"user":["Marc Kuppinger"],"umph":[1714058094.5575],"ok":[true],"chunk":[33],"ex":[2],"e.ind":[0],"code":["\nreg_la <- lm(unem78 ~ train, data = jtrain3_la)\nreg_ka <- lm(unem78 ~ train, data = jtrain3_ka)\n\nstargazer(reg1, reg2, reg_la, reg_ka,type=\"text\",keep.stat=c(\"n\"), column.labels = c(\"alle\",\"alle\", \"Lang Alo\",\"Kurz Alo\") )"],"message":[""]}
,
{"type":["check_chunk"],"time":["2024-04-25 17:14:54"],"user":["Marc Kuppinger"],"umph":[1714058094.8373],"ok":[true],"chunk":[34],"ex":[2],"e.ind":[0],"code":["reg3 <- lm(unem78 ~ train + unem75 + train:unem75 , data=jtrain3)\nstargazer(reg_la, reg_ka, reg3, type=\"text\",keep.stat=c(\"n\"), column.labels = c(\"Lang Alo\",\"Kurz Alo\", \"alle\") )"],"message":[""]}
,
{"type":["check_chunk"],"time":["2024-04-25 17:14:54"],"user":["Marc Kuppinger"],"umph":[1714058094.8635],"ok":[false],"chunk":[35],"ex":[2],"e.ind":[1],"code":["\n# enter your code here ...\n"],"message":["\nYou have not yet entered all correct commands in chunk 2_f_2."]}
,
{"type":["check_ps"],"time":["2024-04-25 17:15:30"],"user":["Marc Kuppinger"],"umph":[1714058130.4344],"ok":[true]}
,
{"type":["check_chunk"],"time":["2024-04-25 17:15:30"],"user":["Marc Kuppinger"],"umph":[1714058130.45],"ok":[false],"chunk":[35],"ex":[2],"e.ind":[1],"code":["\n\"ja\"\n"],"message":["\nYou have not yet entered all correct commands in chunk 2_f_2."]}
,
{"type":["check_ps"],"time":["2024-04-25 17:15:42"],"user":["Marc Kuppinger"],"umph":[1714058142.8949],"ok":[true]}
,
{"type":["check_chunk"],"time":["2024-04-25 17:15:42"],"user":["Marc Kuppinger"],"umph":[1714058142.9128],"ok":[true],"chunk":[35],"ex":[2],"e.ind":[0],"code":["\n\"nein\"\n"],"message":[""]}
,
{"type":["grade_ps"],"time":["2024-04-25 17:15:49"],"user":["Marc Kuppinger"],"umph":[1714058149.5486],"ok":[true]}
,
{"type":["init_ps"],"time":["2024-04-25 17:15:49"],"user":["Marc Kuppinger"],"umph":[1714058149.5651],"ok":[true]}
,
{"type":["check_chunk"],"time":["2024-04-25 17:15:50"],"user":["Marc Kuppinger"],"umph":[1714058150.1721],"ok":[true],"chunk":[1],"ex":[1],"e.ind":[0],"code":["library(wooldridge)\ndata(wage1)\nhead(wage1)\nskim(wage1)"],"message":[""]}
,
{"type":["check_chunk"],"time":["2024-04-25 17:15:50"],"user":["Marc Kuppinger"],"umph":[1714058150.1938],"ok":[true],"chunk":[2],"ex":[1],"e.ind":[0],"code":["\nreg1 <- lm(wage ~ educ, data = wage1)\nsummary(reg1)\n"],"message":[""]}
,
{"type":["check_chunk"],"time":["2024-04-25 17:15:50"],"user":["Marc Kuppinger"],"umph":[1714058150.2092],"ok":[true],"chunk":[3],"ex":[1],"e.ind":[0],"code":["\n\"nein\"\n"],"message":[""]}
,
{"type":["check_chunk"],"time":["2024-04-25 17:15:50"],"user":["Marc Kuppinger"],"umph":[1714058150.2563],"ok":[true],"chunk":[4],"ex":[1],"e.ind":[0],"code":["wage1 %>%\n mutate(gender = ifelse(female==1,\"female\",\"male\")) %>%\n group_by(gender) %>%\n summarize(mean(educ))\n"],"message":[""]}
,
{"type":["check_chunk"],"time":["2024-04-25 17:15:50"],"user":["Marc Kuppinger"],"umph":[1714058150.2891],"ok":[true],"chunk":[5],"ex":[1],"e.ind":[0],"code":["grViz('digraph G {\n\nx [label=\"Ausbildungsjahre x\"]\ny [label=\"Stundenlohn y\"]\nw [label=\"maennlich\"]\n\nx -> y [label=\"+\"];\nw -> x [label=\"+\"];\nw -> y [label=\"+\"];\n}')"],"message":[""]}
,
{"type":["check_chunk"],"time":["2024-04-25 17:15:50"],"user":["Marc Kuppinger"],"umph":[1714058150.2995],"ok":[true],"chunk":[6],"ex":[1],"e.ind":[0],"code":["\n1\n"],"message":[""]}
,
{"type":["check_chunk"],"time":["2024-04-25 17:15:50"],"user":["Marc Kuppinger"],"umph":[1714058150.3473],"ok":[true],"chunk":[7],"ex":[1],"e.ind":[0],"code":["reg2 <- lm(wage ~ educ + female, data=wage1)\nsummary(reg2)"],"message":[""]}
,
{"type":["check_chunk"],"time":["2024-04-25 17:15:50"],"user":["Marc Kuppinger"],"umph":[1714058150.3841],"ok":[true],"chunk":[8],"ex":[1],"e.ind":[0],"code":["grViz('digraph G {\nx -> y [label=\"+\"];\nw -> y [label=\"+\"];\n}')"],"message":[""]}
,
{"type":["check_chunk"],"time":["2024-04-25 17:15:50"],"user":["Marc Kuppinger"],"umph":[1714058150.3959],"ok":[true],"chunk":[9],"ex":[1],"e.ind":[0],"code":["\n\"unverzerrt\"\n"],"message":[""]}
,
{"type":["check_chunk"],"time":["2024-04-25 17:15:50"],"user":["Marc Kuppinger"],"umph":[1714058150.6191],"ok":[true],"chunk":[10],"ex":[1],"e.ind":[0],"code":["########################################\n# Beispiel 1: w hat nur Einfluss auf y\n########################################\nset.seed(123)\nn <- 10000\nbeta1 <- 2 # wahrer kausaler effekt\nw <- rnorm(n,0,1)\nx <- rnorm(n,0,1)\ny <- beta1*x + w + rnorm(n,0,1)\n\n# Regression mit w als Kontrollvariable\nreg1 <- lm(y~x+w)\n# Regression ohne w als Kontrollvariable\nreg2 <- lm(y~x)\n# Zeige Ergbenisse nebeneinander\nlibrary(stargazer)\nstargazer(reg1, reg2, type=\"text\", digits=3, keep.stat=c(\"n\"))"],"message":[""]}
,
{"type":["check_chunk"],"time":["2024-04-25 17:15:51"],"user":["Marc Kuppinger"],"umph":[1714058151.0244],"ok":[true],"chunk":[11],"ex":[1],"e.ind":[0],"code":["########################################\n# Beispiel 2: w hat Einfluss auf y und x\n########################################\nset.seed(123)\nn <- 10000\nbeta1 <- 2 # wahrer kausaler effekt\nw <- rnorm(n,0,1)\nx <- rnorm(n,0,1) + w\ny <- beta1*x + w + rnorm(n,0,1)\n\n# Regression mit w als Kontrollvariable\nreg1 <- lm(y~x+w)\n# Regression ohne w als Kontrollvariable\nreg2 <- lm(y~x)\n# Zeige Ergbenisse nebeneinander\nstargazer(reg1, reg2, type=\"text\", digits=3, keep.stat=c(\"n\"))"],"message":[""]}
,
{"type":["check_chunk"],"time":["2024-04-25 17:15:51"],"user":["Marc Kuppinger"],"umph":[1714058151.0416],"ok":[true],"chunk":[12],"ex":[1],"e.ind":[0],"code":["\n\"nein\"\n"],"message":[""]}
,
{"type":["check_chunk"],"time":["2024-04-25 17:15:51"],"user":["Marc Kuppinger"],"umph":[1714058151.0585],"ok":[true],"chunk":[13],"ex":[1],"e.ind":[0],"code":["confint(lm(y~x))"],"message":[""]}
,
{"type":["check_chunk"],"time":["2024-04-25 17:15:51"],"user":["Marc Kuppinger"],"umph":[1714058151.0891],"ok":[true],"chunk":[14],"ex":[1],"e.ind":[0],"code":["\nconfint(lm(y~x), level = 0.99)\n"],"message":[""]}
,
{"type":["check_chunk"],"time":["2024-04-25 17:15:51"],"user":["Marc Kuppinger"],"umph":[1714058151.0976],"ok":[true],"chunk":[15],"ex":[1],"e.ind":[0],"code":["cor(wage1$exper,wage1$wage)"],"message":[""]}
,
{"type":["check_chunk"],"time":["2024-04-25 17:15:51"],"user":["Marc Kuppinger"],"umph":[1714058151.1052],"ok":[true],"chunk":[16],"ex":[1],"e.ind":[0],"code":["cor(wage1$exper,wage1$educ)"],"message":[""]}
,
{"type":["check_chunk"],"time":["2024-04-25 17:15:51"],"user":["Marc Kuppinger"],"umph":[1714058151.1426],"ok":[true],"chunk":[17],"ex":[1],"e.ind":[0],"code":["grViz('digraph G {\n\nx [label=\"Ausbildungsjahre x\"]\ny [label=\"Stundenlohn y\"]\nw [label=\"Arbeitserfahrung\"]\n\nx -> y [label=\"+\"];\nx -> w [label=\"-\"];\nw -> y [label=\"+\"];\n}')\n"],"message":[""]}
,
{"type":["check_chunk"],"time":["2024-04-25 17:15:51"],"user":["Marc Kuppinger"],"umph":[1714058151.1506],"ok":[true],"chunk":[18],"ex":[1],"e.ind":[0],"code":["coef(lm(wage~educ, data=wage1))"],"message":[""]}
,
{"type":["check_chunk"],"time":["2024-04-25 17:15:51"],"user":["Marc Kuppinger"],"umph":[1714058151.1614],"ok":[true],"chunk":[19],"ex":[1],"e.ind":[0],"code":["\n\"groesser\"\n"],"message":[""]}
,
{"type":["check_chunk"],"time":["2024-04-25 17:15:51"],"user":["Marc Kuppinger"],"umph":[1714058151.1718],"ok":[true],"chunk":[20],"ex":[1],"e.ind":[0],"code":["coef(lm(wage~educ+exper, data=wage1))"],"message":[""]}
,
{"type":["check_chunk"],"time":["2024-04-25 17:15:51"],"user":["Marc Kuppinger"],"umph":[1714058151.1974],"ok":[true],"chunk":[21],"ex":[1],"e.ind":[0],"code":["\n0.54\n"],"message":[""]}
,
{"type":["check_chunk"],"time":["2024-04-25 17:15:51"],"user":["Marc Kuppinger"],"umph":[1714058151.2208],"ok":[true],"chunk":[22],"ex":[1],"e.ind":[0],"code":["reg1 <- lm(wage ~ educ, data = wage1)\nreg2 <- lm(wage ~ educ + female + nonwhite, data=wage1)\n\nreg3 <- lm(wage ~ educ + female + nonwhite + exper, data=wage1)\n"],"message":[""]}
,
{"type":["check_chunk"],"time":["2024-04-25 17:15:51"],"user":["Marc Kuppinger"],"umph":[1714058151.5483],"ok":[true],"chunk":[23],"ex":[1],"e.ind":[0],"code":["stargazer( reg1, reg2, reg3 ,type = \"text\",  digits=2, omit.stat = c(\"f\",\"ser\"))"],"message":[""]}
,
{"type":["check_chunk"],"time":["2024-04-25 17:15:51"],"user":["Marc Kuppinger"],"umph":[1714058151.9109],"ok":[true],"chunk":[24],"ex":[2],"e.ind":[0],"code":["help(jtrain3)\ndata(jtrain3)\nhead(jtrain3)\nskim(jtrain3)"],"message":[""]}
,
{"type":["check_chunk"],"time":["2024-04-25 17:15:51"],"user":["Marc Kuppinger"],"umph":[1714058151.928],"ok":[true],"chunk":[25],"ex":[2],"e.ind":[0],"code":["\nn_train <- sum(jtrain3$train == 1)\nn_train\n"],"message":[""]}
,
{"type":["check_chunk"],"time":["2024-04-25 17:15:51"],"user":["Marc Kuppinger"],"umph":[1714058151.9385],"ok":[true],"chunk":[26],"ex":[2],"e.ind":[0],"code":["\n2\n"],"message":[""]}
,
{"type":["check_chunk"],"time":["2024-04-25 17:15:51"],"user":["Marc Kuppinger"],"umph":[1714058151.9618],"ok":[true],"chunk":[27],"ex":[2],"e.ind":[0],"code":["\nreg1 <- lm(unem78 ~ train, data = jtrain3)\nsummary(reg1)\n"],"message":[""]}
,
{"type":["check_chunk"],"time":["2024-04-25 17:15:52"],"user":["Marc Kuppinger"],"umph":[1714058152.0097],"ok":[true],"chunk":[28],"ex":[2],"e.ind":[0],"code":["\njtrain3 %>% \n group_by(unem75) %>%\n summarize(mean(train), mean(unem78))\n"],"message":[""]}
,
{"type":["check_chunk"],"time":["2024-04-25 17:15:52"],"user":["Marc Kuppinger"],"umph":[1714058152.0553],"ok":[true],"chunk":[29],"ex":[2],"e.ind":[0],"code":["library(DiagrammeR)\ngrViz('digraph G {\n\nx [label=\"Weiterbildung in 1977\"]\ny [label=\"Arbeitslos in 1978\"]\nw [label=\"Arbeitslos in 1975\"]\n\nx -> y [label=\"?\"]\nw -> x [label=\"+\"]\nw -> y [label=\"+\"]\n}')"],"message":[""]}
,
{"type":["check_chunk"],"time":["2024-04-25 17:15:52"],"user":["Marc Kuppinger"],"umph":[1714058152.0662],"ok":[true],"chunk":[30],"ex":[2],"e.ind":[0],"code":["\n\"kleiner\"\n"],"message":[""]}
,
{"type":["check_chunk"],"time":["2024-04-25 17:15:52"],"user":["Marc Kuppinger"],"umph":[1714058152.3594],"ok":[true],"chunk":[31],"ex":[2],"e.ind":[0],"code":["\nreg2 <- lm(unem78 ~ train + unem75, data = jtrain3)\nstargazer(reg1, reg2,type = \"text\",  digits=2, omit.stat = c(\"f\",\"ser\"))\n"],"message":[""]}
,
{"type":["check_chunk"],"time":["2024-04-25 17:15:52"],"user":["Marc Kuppinger"],"umph":[1714058152.3791],"ok":[true],"chunk":[32],"ex":[2],"e.ind":[0],"code":["\njtrain3_la <- jtrain3 %>%\n  filter(unem75 == 1)\n\njtrain3_ka <- jtrain3 %>%\n  filter(!unem75 == 1)\n"],"message":[""]}
,
{"type":["check_chunk"],"time":["2024-04-25 17:15:52"],"user":["Marc Kuppinger"],"umph":[1714058152.6528],"ok":[true],"chunk":[33],"ex":[2],"e.ind":[0],"code":["\nreg_la <- lm(unem78 ~ train, data = jtrain3_la)\nreg_ka <- lm(unem78 ~ train, data = jtrain3_ka)\n\nstargazer(reg1, reg2, reg_la, reg_ka,type=\"text\",keep.stat=c(\"n\"), column.labels = c(\"alle\",\"alle\", \"Lang Alo\",\"Kurz Alo\") )"],"message":[""]}
,
{"type":["check_chunk"],"time":["2024-04-25 17:15:52"],"user":["Marc Kuppinger"],"umph":[1714058152.9235],"ok":[true],"chunk":[34],"ex":[2],"e.ind":[0],"code":["reg3 <- lm(unem78 ~ train + unem75 + train:unem75 , data=jtrain3)\nstargazer(reg_la, reg_ka, reg3, type=\"text\",keep.stat=c(\"n\"), column.labels = c(\"Lang Alo\",\"Kurz Alo\", \"alle\") )"],"message":[""]}
,
{"type":["check_chunk"],"time":["2024-04-25 17:15:52"],"user":["Marc Kuppinger"],"umph":[1714058152.9381],"ok":[true],"chunk":[35],"ex":[2],"e.ind":[0],"code":["\n\"nein\"\n"],"message":[""]}
,
